<?xml version="1.0" encoding="UTF-8"?>
<!-- Generated by org.testng.reporters.JUnitReportReporter -->
<testsuite hostname="LAPTOP-1HFOI5V8" failures="0" tests="2" name="coverfoxTest.CoverFoxTestCase" time="7.268" errors="0" timestamp="2024-08-12T21:27:54 IST" skipped="0">
  <testcase classname="coverfoxTest.CoverFoxTestCase" name="validateTestPlanElement" time="0.085">
    <system-out>
      <![CDATA[validateTestPlanElement executation start]]>
    </system-out>
  </testcase> <!-- validateTestPlanElement -->
  <testcase classname="coverfoxTest.CoverFoxTestCase" name="validateBanners" time="7.183">
    <system-out>
      <![CDATA[validateBanners executation start]]>
    </system-out>
  </testcase> <!-- validateBanners -->
  <system-out>
    <![CDATA[Lounch browser
Lounch url
Clinking on gender button
Clicking On NextButton Of HealthPlanPage
Getting data from excell
Selecting age
Clicking on next button
Getting data from excell
Getting data from excell
Entering PunCode and MobileNum
Clicking on continue button
validateBanners executation start
validateTestPlanElement executation start
Close browser]]>
  </system-out>
</testsuite> <!-- coverfoxTest.CoverFoxTestCase -->
