<?xml version="1.0" encoding="UTF-8"?>
<!-- Generated by org.testng.reporters.JUnitReportReporter -->
<testsuite hostname="LAPTOP-1HFOI5V8" failures="0" tests="2" name="coverfoxTest.CoverFoxTestCase" time="6.153" errors="0" timestamp="2024-08-12T21:53:28 IST" skipped="0">
  <testcase classname="coverfoxTest.CoverFoxTestCase" name="validateTestPlanElement" time="0.109">
    <system-out>
      <![CDATA[validateTestPlanElement executation start]]>
    </system-out>
  </testcase> <!-- validateTestPlanElement -->
  <testcase classname="coverfoxTest.CoverFoxTestCase" name="validateBanners" time="6.044">
    <system-out>
      <![CDATA[validateBanners executation start]]>
    </system-out>
  </testcase> <!-- validateBanners -->
  <system-out>
    <![CDATA[Getting data from excell
Getting data from excell
Getting data from excell
validateBanners executation start
validateTestPlanElement executation start]]>
  </system-out>
</testsuite> <!-- coverfoxTest.CoverFoxTestCase -->
